2026-04-10 16:48:33.938 +03:00 [INF] Starting Puffin Reconciliation API
2026-04-10 16:48:34.368 +03:00 [ERR] Hosting failed to start
System.IO.IOException: Failed to bind to address http://127.0.0.1:5000: address already in use.
 ---> Microsoft.AspNetCore.Connections.AddressInUseException: Only one usage of each socket address (protocol/network address/port) is normally permitted.
 ---> System.Net.Sockets.SocketException (10048): Only one usage of each socket address (protocol/network address/port) is normally permitted.
   at System.Net.Sockets.Socket.UpdateStatusAfterSocketErrorAndThrowException(SocketError error, Boolean disconnectOnFailure, String callerName)
   at System.Net.Sockets.Socket.DoBind(EndPoint endPointSnapshot, SocketAddress socketAddress)
   at System.Net.Sockets.Socket.Bind(EndPoint localEP)
   at Microsoft.AspNetCore.Server.Kestrel.Transport.Sockets.SocketTransportOptions.CreateDefaultBoundListenSocket(EndPoint endpoint)
   at Microsoft.AspNetCore.Server.Kestrel.Transport.Sockets.SocketConnectionListener.Bind()
   --- End of inner exception stack trace ---
   at Microsoft.AspNetCore.Server.Kestrel.Transport.Sockets.SocketConnectionListener.Bind()
   at Microsoft.AspNetCore.Server.Kestrel.Transport.Sockets.SocketTransportFactory.BindAsync(EndPoint endpoint, CancellationToken cancellationToken)
   at Microsoft.AspNetCore.Server.Kestrel.Core.Internal.Infrastructure.TransportManager.BindAsync(EndPoint endPoint, ConnectionDelegate connectionDelegate, EndpointConfig endpointConfig, CancellationToken cancellationToken)
   at Microsoft.AspNetCore.Server.Kestrel.Core.KestrelServerImpl.<>c__DisplayClass28_0`1.<<StartAsync>g__OnBind|0>d.MoveNext()
--- End of stack trace from previous location ---
   at Microsoft.AspNetCore.Server.Kestrel.Core.Internal.AddressBinder.BindEndpointAsync(ListenOptions endpoint, AddressBindContext context, CancellationToken cancellationToken)
   --- End of inner exception stack trace ---
   at Microsoft.AspNetCore.Server.Kestrel.Core.Internal.AddressBinder.BindEndpointAsync(ListenOptions endpoint, AddressBindContext context, CancellationToken cancellationToken)
   at Microsoft.AspNetCore.Server.Kestrel.Core.LocalhostListenOptions.BindAsync(AddressBindContext context, CancellationToken cancellationToken)
   at Microsoft.AspNetCore.Server.Kestrel.Core.Internal.AddressBinder.DefaultAddressStrategy.BindAsync(AddressBindContext context, CancellationToken cancellationToken)
   at Microsoft.AspNetCore.Server.Kestrel.Core.Internal.AddressBinder.BindAsync(ListenOptions[] listenOptions, AddressBindContext context, Func`2 useHttps, CancellationToken cancellationToken)
   at Microsoft.AspNetCore.Server.Kestrel.Core.KestrelServerImpl.BindAsync(CancellationToken cancellationToken)
   at Microsoft.AspNetCore.Server.Kestrel.Core.KestrelServerImpl.StartAsync[TContext](IHttpApplication`1 application, CancellationToken cancellationToken)
   at Microsoft.AspNetCore.Hosting.GenericWebHostService.StartAsync(CancellationToken cancellationToken)
   at Microsoft.Extensions.Hosting.Internal.Host.<StartAsync>b__15_1(IHostedService service, CancellationToken token)
   at Microsoft.Extensions.Hosting.Internal.Host.ForeachService[T](IEnumerable`1 services, CancellationToken token, Boolean concurrent, Boolean abortOnFirstException, List`1 exceptions, Func`3 operation)
2026-04-10 16:48:34.403 +03:00 [FTL] Application startup failed
System.IO.IOException: Failed to bind to address http://127.0.0.1:5000: address already in use.
 ---> Microsoft.AspNetCore.Connections.AddressInUseException: Only one usage of each socket address (protocol/network address/port) is normally permitted.
 ---> System.Net.Sockets.SocketException (10048): Only one usage of each socket address (protocol/network address/port) is normally permitted.
   at System.Net.Sockets.Socket.UpdateStatusAfterSocketErrorAndThrowException(SocketError error, Boolean disconnectOnFailure, String callerName)
   at System.Net.Sockets.Socket.DoBind(EndPoint endPointSnapshot, SocketAddress socketAddress)
   at System.Net.Sockets.Socket.Bind(EndPoint localEP)
   at Microsoft.AspNetCore.Server.Kestrel.Transport.Sockets.SocketTransportOptions.CreateDefaultBoundListenSocket(EndPoint endpoint)
   at Microsoft.AspNetCore.Server.Kestrel.Transport.Sockets.SocketConnectionListener.Bind()
   --- End of inner exception stack trace ---
   at Microsoft.AspNetCore.Server.Kestrel.Transport.Sockets.SocketConnectionListener.Bind()
   at Microsoft.AspNetCore.Server.Kestrel.Transport.Sockets.SocketTransportFactory.BindAsync(EndPoint endpoint, CancellationToken cancellationToken)
   at Microsoft.AspNetCore.Server.Kestrel.Core.Internal.Infrastructure.TransportManager.BindAsync(EndPoint endPoint, ConnectionDelegate connectionDelegate, EndpointConfig endpointConfig, CancellationToken cancellationToken)
   at Microsoft.AspNetCore.Server.Kestrel.Core.KestrelServerImpl.<>c__DisplayClass28_0`1.<<StartAsync>g__OnBind|0>d.MoveNext()
--- End of stack trace from previous location ---
   at Microsoft.AspNetCore.Server.Kestrel.Core.Internal.AddressBinder.BindEndpointAsync(ListenOptions endpoint, AddressBindContext context, CancellationToken cancellationToken)
   --- End of inner exception stack trace ---
   at Microsoft.AspNetCore.Server.Kestrel.Core.Internal.AddressBinder.BindEndpointAsync(ListenOptions endpoint, AddressBindContext context, CancellationToken cancellationToken)
   at Microsoft.AspNetCore.Server.Kestrel.Core.LocalhostListenOptions.BindAsync(AddressBindContext context, CancellationToken cancellationToken)
   at Microsoft.AspNetCore.Server.Kestrel.Core.Internal.AddressBinder.DefaultAddressStrategy.BindAsync(AddressBindContext context, CancellationToken cancellationToken)
   at Microsoft.AspNetCore.Server.Kestrel.Core.Internal.AddressBinder.BindAsync(ListenOptions[] listenOptions, AddressBindContext context, Func`2 useHttps, CancellationToken cancellationToken)
   at Microsoft.AspNetCore.Server.Kestrel.Core.KestrelServerImpl.BindAsync(CancellationToken cancellationToken)
   at Microsoft.AspNetCore.Server.Kestrel.Core.KestrelServerImpl.StartAsync[TContext](IHttpApplication`1 application, CancellationToken cancellationToken)
   at Microsoft.AspNetCore.Hosting.GenericWebHostService.StartAsync(CancellationToken cancellationToken)
   at Microsoft.Extensions.Hosting.Internal.Host.<StartAsync>b__15_1(IHostedService service, CancellationToken token)
   at Microsoft.Extensions.Hosting.Internal.Host.ForeachService[T](IEnumerable`1 services, CancellationToken token, Boolean concurrent, Boolean abortOnFirstException, List`1 exceptions, Func`3 operation)
   at Microsoft.Extensions.Hosting.Internal.Host.StartAsync(CancellationToken cancellationToken)
   at Microsoft.Extensions.Hosting.HostingAbstractionsHostExtensions.RunAsync(IHost host, CancellationToken token)
   at Microsoft.Extensions.Hosting.HostingAbstractionsHostExtensions.RunAsync(IHost host, CancellationToken token)
   at Microsoft.Extensions.Hosting.HostingAbstractionsHostExtensions.Run(IHost host)
   at Program.<Main>$(String[] args) in C:\Users\hp\Desktop\CXP\CXP_PuffinRecon_Complete\Backend\Program.cs:line 77
2026-04-10 16:49:39.167 +03:00 [INF] Starting Puffin Reconciliation API
2026-04-10 16:49:39.604 +03:00 [INF] Now listening on: http://localhost:5000
2026-04-10 16:49:39.612 +03:00 [INF] Application started. Press Ctrl+C to shut down.
2026-04-10 16:49:39.615 +03:00 [INF] Hosting environment: Production
2026-04-10 16:49:39.617 +03:00 [INF] Content root path: C:\Users\hp\Desktop\CXP\CXP_PuffinRecon_Complete\Backend
2026-04-10 16:50:07.261 +03:00 [INF] Request starting HTTP/1.1 GET http://localhost:5000/api/reconciliation - null null
2026-04-10 16:50:07.330 +03:00 [INF] Executing endpoint 'PuffinRecon.API.Controllers.ReconciliationController.Get (PuffinRecon.API)'
2026-04-10 16:50:07.375 +03:00 [INF] Route matched with {action = "Get", controller = "Reconciliation"}. Executing controller action with signature System.Threading.Tasks.Task`1[Microsoft.AspNetCore.Mvc.IActionResult] Get(System.String, System.String, System.Nullable`1[System.DateTime], System.Nullable`1[System.DateTime]) on controller PuffinRecon.API.Controllers.ReconciliationController (PuffinRecon.API).
2026-04-10 16:50:07.415 +03:00 [INF] GetDetailAsync: {"MobileNumber":null,"StatusFilter":null,"DateFrom":null,"DateTo":null,"$type":"ReconciliationFilter"}
2026-04-10 16:50:11.471 +03:00 [INF] Request starting HTTP/1.1 GET http://localhost:5000/swagger/index.html - null null
2026-04-10 16:50:11.585 +03:00 [INF] Request finished HTTP/1.1 GET http://localhost:5000/swagger/index.html - 200 null text/html;charset=utf-8 113.9963ms
2026-04-10 16:50:11.634 +03:00 [INF] Request starting HTTP/1.1 GET http://localhost:5000/swagger/index.js - null null
2026-04-10 16:50:11.644 +03:00 [INF] Request finished HTTP/1.1 GET http://localhost:5000/swagger/index.js - 200 null application/javascript;charset=utf-8 10.5431ms
2026-04-10 16:50:12.185 +03:00 [INF] Request starting HTTP/1.1 GET http://localhost:5000/swagger/v1/swagger.json - null null
2026-04-10 16:50:12.360 +03:00 [INF] Request finished HTTP/1.1 GET http://localhost:5000/swagger/v1/swagger.json - 200 null application/json;charset=utf-8 174.8491ms
2026-04-10 16:50:14.658 +03:00 [INF] Executing OkObjectResult, writing value of type 'PuffinRecon.API.Models.ApiResponse`1[[PuffinRecon.API.Models.DetailResult, PuffinRecon.API, Version=1.0.0.0, Culture=neutral, PublicKeyToken=null]]'.
2026-04-10 16:50:14.761 +03:00 [INF] Executed action PuffinRecon.API.Controllers.ReconciliationController.Get (PuffinRecon.API) in 7370.72ms
2026-04-10 16:50:14.770 +03:00 [INF] Executed endpoint 'PuffinRecon.API.Controllers.ReconciliationController.Get (PuffinRecon.API)'
2026-04-10 16:50:14.782 +03:00 [INF] HTTP GET /api/reconciliation responded 200 in 7454.4899 ms
2026-04-10 16:50:14.797 +03:00 [INF] Request finished HTTP/1.1 GET http://localhost:5000/api/reconciliation - 200 null application/json; charset=utf-8 7538.5848ms
2026-04-10 16:50:39.253 +03:00 [INF] Request starting HTTP/1.1 GET http://localhost:5000/api/reconciliation - null null
2026-04-10 16:50:39.269 +03:00 [INF] CORS policy execution successful.
2026-04-10 16:50:39.274 +03:00 [INF] Executing endpoint 'PuffinRecon.API.Controllers.ReconciliationController.Get (PuffinRecon.API)'
2026-04-10 16:50:39.279 +03:00 [INF] Route matched with {action = "Get", controller = "Reconciliation"}. Executing controller action with signature System.Threading.Tasks.Task`1[Microsoft.AspNetCore.Mvc.IActionResult] Get(System.String, System.String, System.Nullable`1[System.DateTime], System.Nullable`1[System.DateTime]) on controller PuffinRecon.API.Controllers.ReconciliationController (PuffinRecon.API).
2026-04-10 16:50:39.286 +03:00 [INF] GetDetailAsync: {"MobileNumber":null,"StatusFilter":null,"DateFrom":null,"DateTo":null,"$type":"ReconciliationFilter"}
2026-04-10 16:50:44.340 +03:00 [INF] Executing OkObjectResult, writing value of type 'PuffinRecon.API.Models.ApiResponse`1[[PuffinRecon.API.Models.DetailResult, PuffinRecon.API, Version=1.0.0.0, Culture=neutral, PublicKeyToken=null]]'.
2026-04-10 16:50:44.362 +03:00 [INF] Executed action PuffinRecon.API.Controllers.ReconciliationController.Get (PuffinRecon.API) in 5078.6943ms
2026-04-10 16:50:44.371 +03:00 [INF] Executed endpoint 'PuffinRecon.API.Controllers.ReconciliationController.Get (PuffinRecon.API)'
2026-04-10 16:50:44.378 +03:00 [INF] HTTP GET /api/reconciliation responded 200 in 5104.2239 ms
2026-04-10 16:50:44.387 +03:00 [INF] Request finished HTTP/1.1 GET http://localhost:5000/api/reconciliation - 200 null application/json; charset=utf-8 5133.7448ms
2026-04-10 16:50:44.404 +03:00 [INF] Request starting HTTP/1.1 GET http://localhost:5000/api/reconciliation - null null
2026-04-10 16:50:44.412 +03:00 [INF] CORS policy execution successful.
2026-04-10 16:50:44.414 +03:00 [INF] Executing endpoint 'PuffinRecon.API.Controllers.ReconciliationController.Get (PuffinRecon.API)'
2026-04-10 16:50:44.417 +03:00 [INF] Route matched with {action = "Get", controller = "Reconciliation"}. Executing controller action with signature System.Threading.Tasks.Task`1[Microsoft.AspNetCore.Mvc.IActionResult] Get(System.String, System.String, System.Nullable`1[System.DateTime], System.Nullable`1[System.DateTime]) on controller PuffinRecon.API.Controllers.ReconciliationController (PuffinRecon.API).
2026-04-10 16:50:44.424 +03:00 [INF] GetDetailAsync: {"MobileNumber":null,"StatusFilter":null,"DateFrom":null,"DateTo":null,"$type":"ReconciliationFilter"}
2026-04-10 16:50:49.080 +03:00 [INF] Executing OkObjectResult, writing value of type 'PuffinRecon.API.Models.ApiResponse`1[[PuffinRecon.API.Models.DetailResult, PuffinRecon.API, Version=1.0.0.0, Culture=neutral, PublicKeyToken=null]]'.
2026-04-10 16:50:49.085 +03:00 [INF] Executed action PuffinRecon.API.Controllers.ReconciliationController.Get (PuffinRecon.API) in 4662.219ms
2026-04-10 16:50:49.087 +03:00 [INF] Executed endpoint 'PuffinRecon.API.Controllers.ReconciliationController.Get (PuffinRecon.API)'
2026-04-10 16:50:49.090 +03:00 [INF] HTTP GET /api/reconciliation responded 200 in 4675.6991 ms
2026-04-10 16:50:49.094 +03:00 [INF] Request finished HTTP/1.1 GET http://localhost:5000/api/reconciliation - 200 null application/json; charset=utf-8 4690.2357ms
2026-04-10 16:51:04.586 +03:00 [INF] Request starting HTTP/1.1 GET http://localhost:5000/api/reconciliation - null null
2026-04-10 16:51:04.596 +03:00 [INF] CORS policy execution successful.
2026-04-10 16:51:04.599 +03:00 [INF] Executing endpoint 'PuffinRecon.API.Controllers.ReconciliationController.Get (PuffinRecon.API)'
2026-04-10 16:51:04.603 +03:00 [INF] Route matched with {action = "Get", controller = "Reconciliation"}. Executing controller action with signature System.Threading.Tasks.Task`1[Microsoft.AspNetCore.Mvc.IActionResult] Get(System.String, System.String, System.Nullable`1[System.DateTime], System.Nullable`1[System.DateTime]) on controller PuffinRecon.API.Controllers.ReconciliationController (PuffinRecon.API).
2026-04-10 16:51:04.611 +03:00 [INF] GetDetailAsync: {"MobileNumber":null,"StatusFilter":null,"DateFrom":null,"DateTo":null,"$type":"ReconciliationFilter"}
2026-04-10 16:51:08.809 +03:00 [INF] Executing OkObjectResult, writing value of type 'PuffinRecon.API.Models.ApiResponse`1[[PuffinRecon.API.Models.DetailResult, PuffinRecon.API, Version=1.0.0.0, Culture=neutral, PublicKeyToken=null]]'.
2026-04-10 16:51:08.815 +03:00 [INF] Executed action PuffinRecon.API.Controllers.ReconciliationController.Get (PuffinRecon.API) in 4203.8244ms
2026-04-10 16:51:08.818 +03:00 [INF] Executed endpoint 'PuffinRecon.API.Controllers.ReconciliationController.Get (PuffinRecon.API)'
2026-04-10 16:51:08.820 +03:00 [INF] HTTP GET /api/reconciliation responded 200 in 4220.8874 ms
2026-04-10 16:51:08.825 +03:00 [INF] Request finished HTTP/1.1 GET http://localhost:5000/api/reconciliation - 200 null application/json; charset=utf-8 4238.571ms
2026-04-10 16:51:08.834 +03:00 [INF] Request starting HTTP/1.1 GET http://localhost:5000/api/reconciliation - null null
2026-04-10 16:51:08.843 +03:00 [INF] CORS policy execution successful.
2026-04-10 16:51:08.845 +03:00 [INF] Executing endpoint 'PuffinRecon.API.Controllers.ReconciliationController.Get (PuffinRecon.API)'
2026-04-10 16:51:08.849 +03:00 [INF] Route matched with {action = "Get", controller = "Reconciliation"}. Executing controller action with signature System.Threading.Tasks.Task`1[Microsoft.AspNetCore.Mvc.IActionResult] Get(System.String, System.String, System.Nullable`1[System.DateTime], System.Nullable`1[System.DateTime]) on controller PuffinRecon.API.Controllers.ReconciliationController (PuffinRecon.API).
2026-04-10 16:51:08.854 +03:00 [INF] GetDetailAsync: {"MobileNumber":null,"StatusFilter":null,"DateFrom":null,"DateTo":null,"$type":"ReconciliationFilter"}
2026-04-10 16:51:13.499 +03:00 [INF] Executing OkObjectResult, writing value of type 'PuffinRecon.API.Models.ApiResponse`1[[PuffinRecon.API.Models.DetailResult, PuffinRecon.API, Version=1.0.0.0, Culture=neutral, PublicKeyToken=null]]'.
2026-04-10 16:51:13.523 +03:00 [INF] Executed action PuffinRecon.API.Controllers.ReconciliationController.Get (PuffinRecon.API) in 4669.1167ms
2026-04-10 16:51:13.531 +03:00 [INF] Executed endpoint 'PuffinRecon.API.Controllers.ReconciliationController.Get (PuffinRecon.API)'
2026-04-10 16:51:13.533 +03:00 [INF] HTTP GET /api/reconciliation responded 200 in 4687.3755 ms
2026-04-10 16:51:13.537 +03:00 [INF] Request finished HTTP/1.1 GET http://localhost:5000/api/reconciliation - 200 null application/json; charset=utf-8 4702.9297ms
2026-04-10 16:51:14.538 +03:00 [INF] Request starting HTTP/1.1 GET http://localhost:5000/api/dashboard - null null
2026-04-10 16:51:14.550 +03:00 [INF] CORS policy execution successful.
2026-04-10 16:51:14.557 +03:00 [INF] Executing endpoint 'PuffinRecon.API.Controllers.DashboardController.Get (PuffinRecon.API)'
2026-04-10 16:51:14.576 +03:00 [INF] Route matched with {action = "Get", controller = "Dashboard"}. Executing controller action with signature System.Threading.Tasks.Task`1[Microsoft.AspNetCore.Mvc.IActionResult] Get(System.Nullable`1[System.DateTime], System.Nullable`1[System.DateTime]) on controller PuffinRecon.API.Controllers.DashboardController (PuffinRecon.API).
2026-04-10 16:51:14.585 +03:00 [INF] GetDashboardAsync: null → null
2026-04-10 16:51:18.101 +03:00 [INF] Executing OkObjectResult, writing value of type 'PuffinRecon.API.Models.ApiResponse`1[[PuffinRecon.API.Models.DashboardData, PuffinRecon.API, Version=1.0.0.0, Culture=neutral, PublicKeyToken=null]]'.
2026-04-10 16:51:18.133 +03:00 [INF] Executed action PuffinRecon.API.Controllers.DashboardController.Get (PuffinRecon.API) in 3550.6241ms
2026-04-10 16:51:18.144 +03:00 [INF] Executed endpoint 'PuffinRecon.API.Controllers.DashboardController.Get (PuffinRecon.API)'
2026-04-10 16:51:18.152 +03:00 [INF] HTTP GET /api/dashboard responded 200 in 3595.6304 ms
2026-04-10 16:51:18.166 +03:00 [INF] Request finished HTTP/1.1 GET http://localhost:5000/api/dashboard - 200 null application/json; charset=utf-8 3627.5868ms
2026-04-10 16:51:18.186 +03:00 [INF] Request starting HTTP/1.1 GET http://localhost:5000/api/dashboard - null null
2026-04-10 16:51:18.195 +03:00 [INF] CORS policy execution successful.
2026-04-10 16:51:18.198 +03:00 [INF] Executing endpoint 'PuffinRecon.API.Controllers.DashboardController.Get (PuffinRecon.API)'
2026-04-10 16:51:18.202 +03:00 [INF] Route matched with {action = "Get", controller = "Dashboard"}. Executing controller action with signature System.Threading.Tasks.Task`1[Microsoft.AspNetCore.Mvc.IActionResult] Get(System.Nullable`1[System.DateTime], System.Nullable`1[System.DateTime]) on controller PuffinRecon.API.Controllers.DashboardController (PuffinRecon.API).
2026-04-10 16:51:18.210 +03:00 [INF] GetDashboardAsync: null → null
2026-04-10 16:51:21.527 +03:00 [INF] Executing OkObjectResult, writing value of type 'PuffinRecon.API.Models.ApiResponse`1[[PuffinRecon.API.Models.DashboardData, PuffinRecon.API, Version=1.0.0.0, Culture=neutral, PublicKeyToken=null]]'.
2026-04-10 16:51:21.530 +03:00 [INF] Executed action PuffinRecon.API.Controllers.DashboardController.Get (PuffinRecon.API) in 3320.4972ms
2026-04-10 16:51:21.532 +03:00 [INF] Executed endpoint 'PuffinRecon.API.Controllers.DashboardController.Get (PuffinRecon.API)'
2026-04-10 16:51:21.535 +03:00 [INF] HTTP GET /api/dashboard responded 200 in 3336.4340 ms
2026-04-10 16:51:21.538 +03:00 [INF] Request finished HTTP/1.1 GET http://localhost:5000/api/dashboard - 200 null application/json; charset=utf-8 3352.0778ms
2026-04-10 16:51:35.567 +03:00 [INF] Request starting HTTP/1.1 GET http://localhost:5000/api/reconciliation - null null
2026-04-10 16:51:35.575 +03:00 [INF] CORS policy execution successful.
2026-04-10 16:51:35.579 +03:00 [INF] Executing endpoint 'PuffinRecon.API.Controllers.ReconciliationController.Get (PuffinRecon.API)'
2026-04-10 16:51:35.582 +03:00 [INF] Route matched with {action = "Get", controller = "Reconciliation"}. Executing controller action with signature System.Threading.Tasks.Task`1[Microsoft.AspNetCore.Mvc.IActionResult] Get(System.String, System.String, System.Nullable`1[System.DateTime], System.Nullable`1[System.DateTime]) on controller PuffinRecon.API.Controllers.ReconciliationController (PuffinRecon.API).
2026-04-10 16:51:35.586 +03:00 [INF] GetDetailAsync: {"MobileNumber":null,"StatusFilter":null,"DateFrom":null,"DateTo":null,"$type":"ReconciliationFilter"}
2026-04-10 16:51:40.383 +03:00 [INF] Executing OkObjectResult, writing value of type 'PuffinRecon.API.Models.ApiResponse`1[[PuffinRecon.API.Models.DetailResult, PuffinRecon.API, Version=1.0.0.0, Culture=neutral, PublicKeyToken=null]]'.
2026-04-10 16:51:40.389 +03:00 [INF] Executed action PuffinRecon.API.Controllers.ReconciliationController.Get (PuffinRecon.API) in 4803.1339ms
2026-04-10 16:51:40.393 +03:00 [INF] Executed endpoint 'PuffinRecon.API.Controllers.ReconciliationController.Get (PuffinRecon.API)'
2026-04-10 16:51:40.396 +03:00 [INF] HTTP GET /api/reconciliation responded 200 in 4817.4688 ms
2026-04-10 16:51:40.401 +03:00 [INF] Request finished HTTP/1.1 GET http://localhost:5000/api/reconciliation - 200 null application/json; charset=utf-8 4833.8385ms
2026-04-10 16:52:05.561 +03:00 [INF] Request starting HTTP/1.1 GET http://localhost:5000/api/reconciliation - null null
2026-04-10 16:52:05.568 +03:00 [INF] CORS policy execution successful.
2026-04-10 16:52:05.571 +03:00 [INF] Executing endpoint 'PuffinRecon.API.Controllers.ReconciliationController.Get (PuffinRecon.API)'
2026-04-10 16:52:05.573 +03:00 [INF] Route matched with {action = "Get", controller = "Reconciliation"}. Executing controller action with signature System.Threading.Tasks.Task`1[Microsoft.AspNetCore.Mvc.IActionResult] Get(System.String, System.String, System.Nullable`1[System.DateTime], System.Nullable`1[System.DateTime]) on controller PuffinRecon.API.Controllers.ReconciliationController (PuffinRecon.API).
2026-04-10 16:52:05.579 +03:00 [INF] GetDetailAsync: {"MobileNumber":null,"StatusFilter":null,"DateFrom":null,"DateTo":null,"$type":"ReconciliationFilter"}
2026-04-10 16:52:14.729 +03:00 [INF] Executing OkObjectResult, writing value of type 'PuffinRecon.API.Models.ApiResponse`1[[PuffinRecon.API.Models.DetailResult, PuffinRecon.API, Version=1.0.0.0, Culture=neutral, PublicKeyToken=null]]'.
2026-04-10 16:52:14.732 +03:00 [INF] Executed action PuffinRecon.API.Controllers.ReconciliationController.Get (PuffinRecon.API) in 9153.4315ms
2026-04-10 16:52:14.735 +03:00 [INF] Executed endpoint 'PuffinRecon.API.Controllers.ReconciliationController.Get (PuffinRecon.API)'
2026-04-10 16:52:14.737 +03:00 [INF] HTTP GET /api/reconciliation responded 200 in 9166.6805 ms
2026-04-10 16:52:14.741 +03:00 [INF] Request finished HTTP/1.1 GET http://localhost:5000/api/reconciliation - 200 null application/json; charset=utf-8 9179.7459ms
2026-04-10 16:52:35.564 +03:00 [INF] Request starting HTTP/1.1 GET http://localhost:5000/api/reconciliation - null null
2026-04-10 16:52:35.575 +03:00 [INF] CORS policy execution successful.
2026-04-10 16:52:35.577 +03:00 [INF] Executing endpoint 'PuffinRecon.API.Controllers.ReconciliationController.Get (PuffinRecon.API)'
2026-04-10 16:52:35.580 +03:00 [INF] Route matched with {action = "Get", controller = "Reconciliation"}. Executing controller action with signature System.Threading.Tasks.Task`1[Microsoft.AspNetCore.Mvc.IActionResult] Get(System.String, System.String, System.Nullable`1[System.DateTime], System.Nullable`1[System.DateTime]) on controller PuffinRecon.API.Controllers.ReconciliationController (PuffinRecon.API).
2026-04-10 16:52:35.584 +03:00 [INF] GetDetailAsync: {"MobileNumber":null,"StatusFilter":null,"DateFrom":null,"DateTo":null,"$type":"ReconciliationFilter"}
2026-04-10 16:52:40.486 +03:00 [INF] Executing OkObjectResult, writing value of type 'PuffinRecon.API.Models.ApiResponse`1[[PuffinRecon.API.Models.DetailResult, PuffinRecon.API, Version=1.0.0.0, Culture=neutral, PublicKeyToken=null]]'.
2026-04-10 16:52:40.492 +03:00 [INF] Executed action PuffinRecon.API.Controllers.ReconciliationController.Get (PuffinRecon.API) in 4907.9327ms
2026-04-10 16:52:40.496 +03:00 [INF] Executed endpoint 'PuffinRecon.API.Controllers.ReconciliationController.Get (PuffinRecon.API)'
2026-04-10 16:52:40.500 +03:00 [INF] HTTP GET /api/reconciliation responded 200 in 4922.3897 ms
2026-04-10 16:52:40.506 +03:00 [INF] Request finished HTTP/1.1 GET http://localhost:5000/api/reconciliation - 200 null application/json; charset=utf-8 4942.152ms
2026-04-10 16:53:05.555 +03:00 [INF] Request starting HTTP/1.1 GET http://localhost:5000/api/reconciliation - null null
2026-04-10 16:53:05.565 +03:00 [INF] CORS policy execution successful.
2026-04-10 16:53:05.569 +03:00 [INF] Executing endpoint 'PuffinRecon.API.Controllers.ReconciliationController.Get (PuffinRecon.API)'
2026-04-10 16:53:05.572 +03:00 [INF] Route matched with {action = "Get", controller = "Reconciliation"}. Executing controller action with signature System.Threading.Tasks.Task`1[Microsoft.AspNetCore.Mvc.IActionResult] Get(System.String, System.String, System.Nullable`1[System.DateTime], System.Nullable`1[System.DateTime]) on controller PuffinRecon.API.Controllers.ReconciliationController (PuffinRecon.API).
2026-04-10 16:53:05.577 +03:00 [INF] GetDetailAsync: {"MobileNumber":null,"StatusFilter":null,"DateFrom":null,"DateTo":null,"$type":"ReconciliationFilter"}
2026-04-10 16:53:12.014 +03:00 [INF] Executing OkObjectResult, writing value of type 'PuffinRecon.API.Models.ApiResponse`1[[PuffinRecon.API.Models.DetailResult, PuffinRecon.API, Version=1.0.0.0, Culture=neutral, PublicKeyToken=null]]'.
2026-04-10 16:53:12.017 +03:00 [INF] Executed action PuffinRecon.API.Controllers.ReconciliationController.Get (PuffinRecon.API) in 6440.1421ms
2026-04-10 16:53:12.019 +03:00 [INF] Executed endpoint 'PuffinRecon.API.Controllers.ReconciliationController.Get (PuffinRecon.API)'
2026-04-10 16:53:12.021 +03:00 [INF] HTTP GET /api/reconciliation responded 200 in 6452.2243 ms
2026-04-10 16:53:12.024 +03:00 [INF] Request finished HTTP/1.1 GET http://localhost:5000/api/reconciliation - 200 null application/json; charset=utf-8 6469.0689ms
2026-04-10 16:53:35.563 +03:00 [INF] Request starting HTTP/1.1 GET http://localhost:5000/api/reconciliation - null null
2026-04-10 16:53:35.576 +03:00 [INF] CORS policy execution successful.
2026-04-10 16:53:35.580 +03:00 [INF] Executing endpoint 'PuffinRecon.API.Controllers.ReconciliationController.Get (PuffinRecon.API)'
2026-04-10 16:53:35.585 +03:00 [INF] Route matched with {action = "Get", controller = "Reconciliation"}. Executing controller action with signature System.Threading.Tasks.Task`1[Microsoft.AspNetCore.Mvc.IActionResult] Get(System.String, System.String, System.Nullable`1[System.DateTime], System.Nullable`1[System.DateTime]) on controller PuffinRecon.API.Controllers.ReconciliationController (PuffinRecon.API).
2026-04-10 16:53:35.593 +03:00 [INF] GetDetailAsync: {"MobileNumber":null,"StatusFilter":null,"DateFrom":null,"DateTo":null,"$type":"ReconciliationFilter"}
2026-04-10 16:53:40.690 +03:00 [INF] Executing OkObjectResult, writing value of type 'PuffinRecon.API.Models.ApiResponse`1[[PuffinRecon.API.Models.DetailResult, PuffinRecon.API, Version=1.0.0.0, Culture=neutral, PublicKeyToken=null]]'.
2026-04-10 16:53:40.694 +03:00 [INF] Executed action PuffinRecon.API.Controllers.ReconciliationController.Get (PuffinRecon.API) in 5101.418ms
2026-04-10 16:53:40.698 +03:00 [INF] Executed endpoint 'PuffinRecon.API.Controllers.ReconciliationController.Get (PuffinRecon.API)'
2026-04-10 16:53:40.699 +03:00 [INF] HTTP GET /api/reconciliation responded 200 in 5118.7725 ms
2026-04-10 16:53:40.703 +03:00 [INF] Request finished HTTP/1.1 GET http://localhost:5000/api/reconciliation - 200 null application/json; charset=utf-8 5139.8679ms
2026-04-10 16:54:05.570 +03:00 [INF] Request starting HTTP/1.1 GET http://localhost:5000/api/reconciliation - null null
2026-04-10 16:54:05.590 +03:00 [INF] CORS policy execution successful.
2026-04-10 16:54:05.596 +03:00 [INF] Executing endpoint 'PuffinRecon.API.Controllers.ReconciliationController.Get (PuffinRecon.API)'
2026-04-10 16:54:05.603 +03:00 [INF] Route matched with {action = "Get", controller = "Reconciliation"}. Executing controller action with signature System.Threading.Tasks.Task`1[Microsoft.AspNetCore.Mvc.IActionResult] Get(System.String, System.String, System.Nullable`1[System.DateTime], System.Nullable`1[System.DateTime]) on controller PuffinRecon.API.Controllers.ReconciliationController (PuffinRecon.API).
2026-04-10 16:54:05.609 +03:00 [INF] GetDetailAsync: {"MobileNumber":null,"StatusFilter":null,"DateFrom":null,"DateTo":null,"$type":"ReconciliationFilter"}
2026-04-10 16:54:11.237 +03:00 [INF] Executing OkObjectResult, writing value of type 'PuffinRecon.API.Models.ApiResponse`1[[PuffinRecon.API.Models.DetailResult, PuffinRecon.API, Version=1.0.0.0, Culture=neutral, PublicKeyToken=null]]'.
2026-04-10 16:54:11.241 +03:00 [INF] Executed action PuffinRecon.API.Controllers.ReconciliationController.Get (PuffinRecon.API) in 5632.0351ms
2026-04-10 16:54:11.246 +03:00 [INF] Executed endpoint 'PuffinRecon.API.Controllers.ReconciliationController.Get (PuffinRecon.API)'
2026-04-10 16:54:11.249 +03:00 [INF] HTTP GET /api/reconciliation responded 200 in 5652.7259 ms
2026-04-10 16:54:11.252 +03:00 [INF] Request finished HTTP/1.1 GET http://localhost:5000/api/reconciliation - 200 null application/json; charset=utf-8 5682.2062ms
2026-04-10 16:54:33.252 +03:00 [INF] Request starting HTTP/1.1 GET http://localhost:5000/api/dashboard - null null
2026-04-10 16:54:33.263 +03:00 [INF] CORS policy execution successful.
2026-04-10 16:54:33.265 +03:00 [INF] Executing endpoint 'PuffinRecon.API.Controllers.DashboardController.Get (PuffinRecon.API)'
2026-04-10 16:54:33.270 +03:00 [INF] Route matched with {action = "Get", controller = "Dashboard"}. Executing controller action with signature System.Threading.Tasks.Task`1[Microsoft.AspNetCore.Mvc.IActionResult] Get(System.Nullable`1[System.DateTime], System.Nullable`1[System.DateTime]) on controller PuffinRecon.API.Controllers.DashboardController (PuffinRecon.API).
2026-04-10 16:54:33.274 +03:00 [INF] GetDashboardAsync: null → null
2026-04-10 16:54:34.602 +03:00 [INF] Request starting HTTP/1.1 GET http://localhost:5000/api/reconciliation - null null
2026-04-10 16:54:34.622 +03:00 [INF] CORS policy execution successful.
2026-04-10 16:54:34.625 +03:00 [INF] Executing endpoint 'PuffinRecon.API.Controllers.ReconciliationController.Get (PuffinRecon.API)'
2026-04-10 16:54:34.630 +03:00 [INF] Route matched with {action = "Get", controller = "Reconciliation"}. Executing controller action with signature System.Threading.Tasks.Task`1[Microsoft.AspNetCore.Mvc.IActionResult] Get(System.String, System.String, System.Nullable`1[System.DateTime], System.Nullable`1[System.DateTime]) on controller PuffinRecon.API.Controllers.ReconciliationController (PuffinRecon.API).
2026-04-10 16:54:34.636 +03:00 [INF] GetDetailAsync: {"MobileNumber":null,"StatusFilter":null,"DateFrom":null,"DateTo":null,"$type":"ReconciliationFilter"}
2026-04-10 16:54:36.397 +03:00 [INF] Executing OkObjectResult, writing value of type 'PuffinRecon.API.Models.ApiResponse`1[[PuffinRecon.API.Models.DashboardData, PuffinRecon.API, Version=1.0.0.0, Culture=neutral, PublicKeyToken=null]]'.
2026-04-10 16:54:36.403 +03:00 [INF] Executed action PuffinRecon.API.Controllers.DashboardController.Get (PuffinRecon.API) in 3129.7681ms
2026-04-10 16:54:36.407 +03:00 [INF] Executed endpoint 'PuffinRecon.API.Controllers.DashboardController.Get (PuffinRecon.API)'
2026-04-10 16:54:36.410 +03:00 [INF] HTTP GET /api/dashboard responded 200 in 3145.0666 ms
2026-04-10 16:54:36.415 +03:00 [INF] Request finished HTTP/1.1 GET http://localhost:5000/api/dashboard - 499 null application/json; charset=utf-8 3163.0152ms
2026-04-10 16:54:36.755 +03:00 [INF] Request starting HTTP/1.1 GET http://localhost:5000/api/reconciliation - null null
2026-04-10 16:54:36.765 +03:00 [INF] CORS policy execution successful.
2026-04-10 16:54:36.769 +03:00 [INF] Executing endpoint 'PuffinRecon.API.Controllers.ReconciliationController.Get (PuffinRecon.API)'
2026-04-10 16:54:36.773 +03:00 [INF] Route matched with {action = "Get", controller = "Reconciliation"}. Executing controller action with signature System.Threading.Tasks.Task`1[Microsoft.AspNetCore.Mvc.IActionResult] Get(System.String, System.String, System.Nullable`1[System.DateTime], System.Nullable`1[System.DateTime]) on controller PuffinRecon.API.Controllers.ReconciliationController (PuffinRecon.API).
2026-04-10 16:54:36.782 +03:00 [INF] GetDetailAsync: {"MobileNumber":null,"StatusFilter":null,"DateFrom":null,"DateTo":null,"$type":"ReconciliationFilter"}
2026-04-10 16:54:40.764 +03:00 [INF] Executing OkObjectResult, writing value of type 'PuffinRecon.API.Models.ApiResponse`1[[PuffinRecon.API.Models.DetailResult, PuffinRecon.API, Version=1.0.0.0, Culture=neutral, PublicKeyToken=null]]'.
2026-04-10 16:54:40.768 +03:00 [INF] Executed action PuffinRecon.API.Controllers.ReconciliationController.Get (PuffinRecon.API) in 3985.7293ms
2026-04-10 16:54:40.775 +03:00 [INF] Executed endpoint 'PuffinRecon.API.Controllers.ReconciliationController.Get (PuffinRecon.API)'
2026-04-10 16:54:40.778 +03:00 [INF] HTTP GET /api/reconciliation responded 200 in 4008.9837 ms
2026-04-10 16:54:40.782 +03:00 [INF] Request finished HTTP/1.1 GET http://localhost:5000/api/reconciliation - 200 null application/json; charset=utf-8 4027.1086ms
2026-04-10 16:54:40.809 +03:00 [INF] Request starting HTTP/1.1 GET http://localhost:5000/api/reconciliation - null null
2026-04-10 16:54:40.818 +03:00 [INF] CORS policy execution successful.
2026-04-10 16:54:40.820 +03:00 [INF] Executing endpoint 'PuffinRecon.API.Controllers.ReconciliationController.Get (PuffinRecon.API)'
2026-04-10 16:54:40.822 +03:00 [INF] Route matched with {action = "Get", controller = "Reconciliation"}. Executing controller action with signature System.Threading.Tasks.Task`1[Microsoft.AspNetCore.Mvc.IActionResult] Get(System.String, System.String, System.Nullable`1[System.DateTime], System.Nullable`1[System.DateTime]) on controller PuffinRecon.API.Controllers.ReconciliationController (PuffinRecon.API).
2026-04-10 16:54:40.828 +03:00 [INF] GetDetailAsync: {"MobileNumber":null,"StatusFilter":null,"DateFrom":null,"DateTo":null,"$type":"ReconciliationFilter"}
2026-04-10 16:54:41.061 +03:00 [INF] Executing OkObjectResult, writing value of type 'PuffinRecon.API.Models.ApiResponse`1[[PuffinRecon.API.Models.DetailResult, PuffinRecon.API, Version=1.0.0.0, Culture=neutral, PublicKeyToken=null]]'.
2026-04-10 16:54:41.064 +03:00 [INF] Executed action PuffinRecon.API.Controllers.ReconciliationController.Get (PuffinRecon.API) in 6427.862ms
2026-04-10 16:54:41.069 +03:00 [INF] Executed endpoint 'PuffinRecon.API.Controllers.ReconciliationController.Get (PuffinRecon.API)'
2026-04-10 16:54:41.071 +03:00 [INF] HTTP GET /api/reconciliation responded 200 in 6446.6262 ms
2026-04-10 16:54:41.075 +03:00 [INF] Request finished HTTP/1.1 GET http://localhost:5000/api/reconciliation - 499 null application/json; charset=utf-8 6472.4506ms
2026-04-10 16:54:45.303 +03:00 [INF] Executing OkObjectResult, writing value of type 'PuffinRecon.API.Models.ApiResponse`1[[PuffinRecon.API.Models.DetailResult, PuffinRecon.API, Version=1.0.0.0, Culture=neutral, PublicKeyToken=null]]'.
2026-04-10 16:54:45.311 +03:00 [INF] Executed action PuffinRecon.API.Controllers.ReconciliationController.Get (PuffinRecon.API) in 4483.7236ms
2026-04-10 16:54:45.317 +03:00 [INF] Executed endpoint 'PuffinRecon.API.Controllers.ReconciliationController.Get (PuffinRecon.API)'
2026-04-10 16:54:45.320 +03:00 [INF] HTTP GET /api/reconciliation responded 200 in 4499.8453 ms
2026-04-10 16:54:45.322 +03:00 [INF] Request finished HTTP/1.1 GET http://localhost:5000/api/reconciliation - 200 null application/json; charset=utf-8 4513.5219ms
2026-04-10 16:55:07.565 +03:00 [INF] Request starting HTTP/1.1 GET http://localhost:5000/api/reconciliation - null null
2026-04-10 16:55:07.577 +03:00 [INF] CORS policy execution successful.
2026-04-10 16:55:07.580 +03:00 [INF] Executing endpoint 'PuffinRecon.API.Controllers.ReconciliationController.Get (PuffinRecon.API)'
2026-04-10 16:55:07.584 +03:00 [INF] Route matched with {action = "Get", controller = "Reconciliation"}. Executing controller action with signature System.Threading.Tasks.Task`1[Microsoft.AspNetCore.Mvc.IActionResult] Get(System.String, System.String, System.Nullable`1[System.DateTime], System.Nullable`1[System.DateTime]) on controller PuffinRecon.API.Controllers.ReconciliationController (PuffinRecon.API).
2026-04-10 16:55:07.593 +03:00 [INF] GetDetailAsync: {"MobileNumber":null,"StatusFilter":null,"DateFrom":null,"DateTo":null,"$type":"ReconciliationFilter"}
2026-04-10 16:55:15.605 +03:00 [INF] Executing OkObjectResult, writing value of type 'PuffinRecon.API.Models.ApiResponse`1[[PuffinRecon.API.Models.DetailResult, PuffinRecon.API, Version=1.0.0.0, Culture=neutral, PublicKeyToken=null]]'.
2026-04-10 16:55:15.618 +03:00 [INF] Executed action PuffinRecon.API.Controllers.ReconciliationController.Get (PuffinRecon.API) in 8025.1537ms
2026-04-10 16:55:15.624 +03:00 [INF] Executed endpoint 'PuffinRecon.API.Controllers.ReconciliationController.Get (PuffinRecon.API)'
2026-04-10 16:55:15.628 +03:00 [INF] HTTP GET /api/reconciliation responded 200 in 8047.2943 ms
2026-04-10 16:55:15.636 +03:00 [INF] Request finished HTTP/1.1 GET http://localhost:5000/api/reconciliation - 200 null application/json; charset=utf-8 8070.3256ms
2026-04-10 16:55:37.557 +03:00 [INF] Request starting HTTP/1.1 GET http://localhost:5000/api/reconciliation - null null
2026-04-10 16:55:37.570 +03:00 [INF] CORS policy execution successful.
2026-04-10 16:55:37.574 +03:00 [INF] Executing endpoint 'PuffinRecon.API.Controllers.ReconciliationController.Get (PuffinRecon.API)'
2026-04-10 16:55:37.578 +03:00 [INF] Route matched with {action = "Get", controller = "Reconciliation"}. Executing controller action with signature System.Threading.Tasks.Task`1[Microsoft.AspNetCore.Mvc.IActionResult] Get(System.String, System.String, System.Nullable`1[System.DateTime], System.Nullable`1[System.DateTime]) on controller PuffinRecon.API.Controllers.ReconciliationController (PuffinRecon.API).
2026-04-10 16:55:37.583 +03:00 [INF] GetDetailAsync: {"MobileNumber":null,"StatusFilter":null,"DateFrom":null,"DateTo":null,"$type":"ReconciliationFilter"}
2026-04-10 16:55:42.542 +03:00 [INF] Executing OkObjectResult, writing value of type 'PuffinRecon.API.Models.ApiResponse`1[[PuffinRecon.API.Models.DetailResult, PuffinRecon.API, Version=1.0.0.0, Culture=neutral, PublicKeyToken=null]]'.
2026-04-10 16:55:42.546 +03:00 [INF] Executed action PuffinRecon.API.Controllers.ReconciliationController.Get (PuffinRecon.API) in 4963.1052ms
2026-04-10 16:55:42.549 +03:00 [INF] Executed endpoint 'PuffinRecon.API.Controllers.ReconciliationController.Get (PuffinRecon.API)'
2026-04-10 16:55:42.550 +03:00 [INF] HTTP GET /api/reconciliation responded 200 in 4976.3824 ms
2026-04-10 16:55:42.553 +03:00 [INF] Request finished HTTP/1.1 GET http://localhost:5000/api/reconciliation - 200 null application/json; charset=utf-8 4996.5161ms
2026-04-10 16:56:07.568 +03:00 [INF] Request starting HTTP/1.1 GET http://localhost:5000/api/reconciliation - null null
2026-04-10 16:56:07.574 +03:00 [INF] CORS policy execution successful.
2026-04-10 16:56:07.576 +03:00 [INF] Executing endpoint 'PuffinRecon.API.Controllers.ReconciliationController.Get (PuffinRecon.API)'
2026-04-10 16:56:07.579 +03:00 [INF] Route matched with {action = "Get", controller = "Reconciliation"}. Executing controller action with signature System.Threading.Tasks.Task`1[Microsoft.AspNetCore.Mvc.IActionResult] Get(System.String, System.String, System.Nullable`1[System.DateTime], System.Nullable`1[System.DateTime]) on controller PuffinRecon.API.Controllers.ReconciliationController (PuffinRecon.API).
2026-04-10 16:56:07.583 +03:00 [INF] GetDetailAsync: {"MobileNumber":null,"StatusFilter":null,"DateFrom":null,"DateTo":null,"$type":"ReconciliationFilter"}
2026-04-10 16:56:12.353 +03:00 [INF] Executing OkObjectResult, writing value of type 'PuffinRecon.API.Models.ApiResponse`1[[PuffinRecon.API.Models.DetailResult, PuffinRecon.API, Version=1.0.0.0, Culture=neutral, PublicKeyToken=null]]'.
2026-04-10 16:56:12.360 +03:00 [INF] Executed action PuffinRecon.API.Controllers.ReconciliationController.Get (PuffinRecon.API) in 4778.0977ms
2026-04-10 16:56:12.367 +03:00 [INF] Executed endpoint 'PuffinRecon.API.Controllers.ReconciliationController.Get (PuffinRecon.API)'
2026-04-10 16:56:12.371 +03:00 [INF] HTTP GET /api/reconciliation responded 200 in 4794.8889 ms
2026-04-10 16:56:12.378 +03:00 [INF] Request finished HTTP/1.1 GET http://localhost:5000/api/reconciliation - 200 null application/json; charset=utf-8 4809.365ms
2026-04-10 16:56:37.588 +03:00 [INF] Request starting HTTP/1.1 GET http://localhost:5000/api/reconciliation - null null
2026-04-10 16:56:37.643 +03:00 [INF] CORS policy execution successful.
2026-04-10 16:56:37.658 +03:00 [INF] Executing endpoint 'PuffinRecon.API.Controllers.ReconciliationController.Get (PuffinRecon.API)'
2026-04-10 16:56:37.675 +03:00 [INF] Route matched with {action = "Get", controller = "Reconciliation"}. Executing controller action with signature System.Threading.Tasks.Task`1[Microsoft.AspNetCore.Mvc.IActionResult] Get(System.String, System.String, System.Nullable`1[System.DateTime], System.Nullable`1[System.DateTime]) on controller PuffinRecon.API.Controllers.ReconciliationController (PuffinRecon.API).
2026-04-10 16:56:37.716 +03:00 [INF] GetDetailAsync: {"MobileNumber":null,"StatusFilter":null,"DateFrom":null,"DateTo":null,"$type":"ReconciliationFilter"}
2026-04-10 16:56:42.268 +03:00 [INF] Executing OkObjectResult, writing value of type 'PuffinRecon.API.Models.ApiResponse`1[[PuffinRecon.API.Models.DetailResult, PuffinRecon.API, Version=1.0.0.0, Culture=neutral, PublicKeyToken=null]]'.
2026-04-10 16:56:42.301 +03:00 [INF] Executed action PuffinRecon.API.Controllers.ReconciliationController.Get (PuffinRecon.API) in 4586.2342ms
2026-04-10 16:56:42.330 +03:00 [INF] Executed endpoint 'PuffinRecon.API.Controllers.ReconciliationController.Get (PuffinRecon.API)'
2026-04-10 16:56:42.353 +03:00 [INF] HTTP GET /api/reconciliation responded 200 in 4695.6007 ms
2026-04-10 16:56:42.389 +03:00 [INF] Request finished HTTP/1.1 GET http://localhost:5000/api/reconciliation - 200 null application/json; charset=utf-8 4800.901ms
2026-04-10 16:57:07.584 +03:00 [INF] Request starting HTTP/1.1 GET http://localhost:5000/api/reconciliation - null null
2026-04-10 16:57:07.645 +03:00 [INF] CORS policy execution successful.
2026-04-10 16:57:07.658 +03:00 [INF] Executing endpoint 'PuffinRecon.API.Controllers.ReconciliationController.Get (PuffinRecon.API)'
2026-04-10 16:57:07.680 +03:00 [INF] Route matched with {action = "Get", controller = "Reconciliation"}. Executing controller action with signature System.Threading.Tasks.Task`1[Microsoft.AspNetCore.Mvc.IActionResult] Get(System.String, System.String, System.Nullable`1[System.DateTime], System.Nullable`1[System.DateTime]) on controller PuffinRecon.API.Controllers.ReconciliationController (PuffinRecon.API).
2026-04-10 16:57:07.715 +03:00 [INF] GetDetailAsync: {"MobileNumber":null,"StatusFilter":null,"DateFrom":null,"DateTo":null,"$type":"ReconciliationFilter"}
2026-04-10 16:57:18.724 +03:00 [INF] Executing OkObjectResult, writing value of type 'PuffinRecon.API.Models.ApiResponse`1[[PuffinRecon.API.Models.DetailResult, PuffinRecon.API, Version=1.0.0.0, Culture=neutral, PublicKeyToken=null]]'.
2026-04-10 16:57:18.764 +03:00 [INF] Executed action PuffinRecon.API.Controllers.ReconciliationController.Get (PuffinRecon.API) in 11049.6238ms
2026-04-10 16:57:18.806 +03:00 [INF] Executed endpoint 'PuffinRecon.API.Controllers.ReconciliationController.Get (PuffinRecon.API)'
2026-04-10 16:57:18.823 +03:00 [INF] HTTP GET /api/reconciliation responded 200 in 11165.1560 ms
2026-04-10 16:57:18.852 +03:00 [INF] Request finished HTTP/1.1 GET http://localhost:5000/api/reconciliation - 200 null application/json; charset=utf-8 11267.1353ms
2026-04-10 16:57:37.606 +03:00 [INF] Request starting HTTP/1.1 GET http://localhost:5000/api/reconciliation - null null
2026-04-10 16:57:37.647 +03:00 [INF] CORS policy execution successful.
2026-04-10 16:57:37.662 +03:00 [INF] Executing endpoint 'PuffinRecon.API.Controllers.ReconciliationController.Get (PuffinRecon.API)'
2026-04-10 16:57:37.682 +03:00 [INF] Route matched with {action = "Get", controller = "Reconciliation"}. Executing controller action with signature System.Threading.Tasks.Task`1[Microsoft.AspNetCore.Mvc.IActionResult] Get(System.String, System.String, System.Nullable`1[System.DateTime], System.Nullable`1[System.DateTime]) on controller PuffinRecon.API.Controllers.ReconciliationController (PuffinRecon.API).
2026-04-10 16:57:37.714 +03:00 [INF] GetDetailAsync: {"MobileNumber":null,"StatusFilter":null,"DateFrom":null,"DateTo":null,"$type":"ReconciliationFilter"}
2026-04-10 16:57:42.886 +03:00 [INF] Executing OkObjectResult, writing value of type 'PuffinRecon.API.Models.ApiResponse`1[[PuffinRecon.API.Models.DetailResult, PuffinRecon.API, Version=1.0.0.0, Culture=neutral, PublicKeyToken=null]]'.
2026-04-10 16:57:42.908 +03:00 [INF] Executed action PuffinRecon.API.Controllers.ReconciliationController.Get (PuffinRecon.API) in 5194.8656ms
2026-04-10 16:57:42.929 +03:00 [INF] Executed endpoint 'PuffinRecon.API.Controllers.ReconciliationController.Get (PuffinRecon.API)'
2026-04-10 16:57:42.946 +03:00 [INF] HTTP GET /api/reconciliation responded 200 in 5283.2392 ms
2026-04-10 16:57:42.969 +03:00 [INF] Request finished HTTP/1.1 GET http://localhost:5000/api/reconciliation - 200 null application/json; charset=utf-8 5363.4247ms
2026-04-10 16:58:39.654 +03:00 [INF] Request starting HTTP/1.1 GET http://localhost:5000/api/reconciliation - null null
2026-04-10 16:58:39.708 +03:00 [INF] CORS policy execution successful.
2026-04-10 16:58:39.725 +03:00 [INF] Executing endpoint 'PuffinRecon.API.Controllers.ReconciliationController.Get (PuffinRecon.API)'
2026-04-10 16:58:39.748 +03:00 [INF] Route matched with {action = "Get", controller = "Reconciliation"}. Executing controller action with signature System.Threading.Tasks.Task`1[Microsoft.AspNetCore.Mvc.IActionResult] Get(System.String, System.String, System.Nullable`1[System.DateTime], System.Nullable`1[System.DateTime]) on controller PuffinRecon.API.Controllers.ReconciliationController (PuffinRecon.API).
2026-04-10 16:58:39.789 +03:00 [INF] GetDetailAsync: {"MobileNumber":null,"StatusFilter":null,"DateFrom":null,"DateTo":null,"$type":"ReconciliationFilter"}
2026-04-10 16:58:44.852 +03:00 [INF] Executing OkObjectResult, writing value of type 'PuffinRecon.API.Models.ApiResponse`1[[PuffinRecon.API.Models.DetailResult, PuffinRecon.API, Version=1.0.0.0, Culture=neutral, PublicKeyToken=null]]'.
2026-04-10 16:58:44.894 +03:00 [INF] Executed action PuffinRecon.API.Controllers.ReconciliationController.Get (PuffinRecon.API) in 5104.4116ms
2026-04-10 16:58:44.933 +03:00 [INF] Executed endpoint 'PuffinRecon.API.Controllers.ReconciliationController.Get (PuffinRecon.API)'
2026-04-10 16:58:44.949 +03:00 [INF] HTTP GET /api/reconciliation responded 200 in 5224.1160 ms
2026-04-10 16:58:44.983 +03:00 [INF] Request finished HTTP/1.1 GET http://localhost:5000/api/reconciliation - 200 null application/json; charset=utf-8 5328.4615ms
2026-04-10 16:59:40.031 +03:00 [INF] Request starting HTTP/1.1 GET http://localhost:5000/api/reconciliation - null null
2026-04-10 16:59:40.122 +03:00 [INF] CORS policy execution successful.
2026-04-10 16:59:40.157 +03:00 [INF] Executing endpoint 'PuffinRecon.API.Controllers.ReconciliationController.Get (PuffinRecon.API)'
2026-04-10 16:59:40.203 +03:00 [INF] Route matched with {action = "Get", controller = "Reconciliation"}. Executing controller action with signature System.Threading.Tasks.Task`1[Microsoft.AspNetCore.Mvc.IActionResult] Get(System.String, System.String, System.Nullable`1[System.DateTime], System.Nullable`1[System.DateTime]) on controller PuffinRecon.API.Controllers.ReconciliationController (PuffinRecon.API).
2026-04-10 16:59:40.277 +03:00 [INF] GetDetailAsync: {"MobileNumber":null,"StatusFilter":null,"DateFrom":null,"DateTo":null,"$type":"ReconciliationFilter"}
2026-04-10 16:59:44.738 +03:00 [INF] Executing OkObjectResult, writing value of type 'PuffinRecon.API.Models.ApiResponse`1[[PuffinRecon.API.Models.DetailResult, PuffinRecon.API, Version=1.0.0.0, Culture=neutral, PublicKeyToken=null]]'.
2026-04-10 16:59:44.797 +03:00 [INF] Executed action PuffinRecon.API.Controllers.ReconciliationController.Get (PuffinRecon.API) in 4520.9487ms
2026-04-10 16:59:44.822 +03:00 [INF] Executed endpoint 'PuffinRecon.API.Controllers.ReconciliationController.Get (PuffinRecon.API)'
2026-04-10 16:59:44.838 +03:00 [INF] HTTP GET /api/reconciliation responded 200 in 4681.6366 ms
2026-04-10 16:59:44.874 +03:00 [INF] Request finished HTTP/1.1 GET http://localhost:5000/api/reconciliation - 200 null application/json; charset=utf-8 4843.0062ms
2026-04-10 17:00:15.794 +03:00 [INF] Request starting HTTP/1.1 GET http://localhost:5000/api/reconciliation - null null
2026-04-10 17:00:15.869 +03:00 [INF] CORS policy execution successful.
2026-04-10 17:00:15.888 +03:00 [INF] Executing endpoint 'PuffinRecon.API.Controllers.ReconciliationController.Get (PuffinRecon.API)'
2026-04-10 17:00:15.916 +03:00 [INF] Route matched with {action = "Get", controller = "Reconciliation"}. Executing controller action with signature System.Threading.Tasks.Task`1[Microsoft.AspNetCore.Mvc.IActionResult] Get(System.String, System.String, System.Nullable`1[System.DateTime], System.Nullable`1[System.DateTime]) on controller PuffinRecon.API.Controllers.ReconciliationController (PuffinRecon.API).
2026-04-10 17:00:15.959 +03:00 [INF] GetDetailAsync: {"MobileNumber":null,"StatusFilter":null,"DateFrom":null,"DateTo":null,"$type":"ReconciliationFilter"}
2026-04-10 17:00:20.976 +03:00 [INF] Executing OkObjectResult, writing value of type 'PuffinRecon.API.Models.ApiResponse`1[[PuffinRecon.API.Models.DetailResult, PuffinRecon.API, Version=1.0.0.0, Culture=neutral, PublicKeyToken=null]]'.
2026-04-10 17:00:21.011 +03:00 [INF] Executed action PuffinRecon.API.Controllers.ReconciliationController.Get (PuffinRecon.API) in 5053.2575ms
2026-04-10 17:00:21.068 +03:00 [INF] Executed endpoint 'PuffinRecon.API.Controllers.ReconciliationController.Get (PuffinRecon.API)'
2026-04-10 17:00:21.104 +03:00 [INF] HTTP GET /api/reconciliation responded 200 in 5216.1934 ms
2026-04-10 17:00:21.174 +03:00 [INF] Request finished HTTP/1.1 GET http://localhost:5000/api/reconciliation - 200 null application/json; charset=utf-8 5381.7142ms
2026-04-10 17:00:21.339 +03:00 [INF] Request starting HTTP/1.1 GET http://localhost:5000/api/reconciliation - null null
2026-04-10 17:00:21.405 +03:00 [INF] CORS policy execution successful.
2026-04-10 17:00:21.423 +03:00 [INF] Executing endpoint 'PuffinRecon.API.Controllers.ReconciliationController.Get (PuffinRecon.API)'
2026-04-10 17:00:21.452 +03:00 [INF] Route matched with {action = "Get", controller = "Reconciliation"}. Executing controller action with signature System.Threading.Tasks.Task`1[Microsoft.AspNetCore.Mvc.IActionResult] Get(System.String, System.String, System.Nullable`1[System.DateTime], System.Nullable`1[System.DateTime]) on controller PuffinRecon.API.Controllers.ReconciliationController (PuffinRecon.API).
2026-04-10 17:00:21.493 +03:00 [INF] GetDetailAsync: {"MobileNumber":null,"StatusFilter":null,"DateFrom":null,"DateTo":null,"$type":"ReconciliationFilter"}
2026-04-10 17:00:26.813 +03:00 [INF] Executing OkObjectResult, writing value of type 'PuffinRecon.API.Models.ApiResponse`1[[PuffinRecon.API.Models.DetailResult, PuffinRecon.API, Version=1.0.0.0, Culture=neutral, PublicKeyToken=null]]'.
2026-04-10 17:00:26.823 +03:00 [INF] Executed action PuffinRecon.API.Controllers.ReconciliationController.Get (PuffinRecon.API) in 5330.5559ms
2026-04-10 17:00:26.832 +03:00 [INF] Executed endpoint 'PuffinRecon.API.Controllers.ReconciliationController.Get (PuffinRecon.API)'
2026-04-10 17:00:26.837 +03:00 [INF] HTTP GET /api/reconciliation responded 200 in 5414.0429 ms
2026-04-10 17:00:26.841 +03:00 [INF] Request finished HTTP/1.1 GET http://localhost:5000/api/reconciliation - 200 null application/json; charset=utf-8 5502.3913ms
2026-04-10 17:00:45.785 +03:00 [INF] Request starting HTTP/1.1 GET http://localhost:5000/api/reconciliation - null null
2026-04-10 17:00:45.797 +03:00 [INF] CORS policy execution successful.
2026-04-10 17:00:45.799 +03:00 [INF] Executing endpoint 'PuffinRecon.API.Controllers.ReconciliationController.Get (PuffinRecon.API)'
2026-04-10 17:00:45.803 +03:00 [INF] Route matched with {action = "Get", controller = "Reconciliation"}. Executing controller action with signature System.Threading.Tasks.Task`1[Microsoft.AspNetCore.Mvc.IActionResult] Get(System.String, System.String, System.Nullable`1[System.DateTime], System.Nullable`1[System.DateTime]) on controller PuffinRecon.API.Controllers.ReconciliationController (PuffinRecon.API).
2026-04-10 17:00:45.811 +03:00 [INF] GetDetailAsync: {"MobileNumber":null,"StatusFilter":null,"DateFrom":null,"DateTo":null,"$type":"ReconciliationFilter"}
2026-04-10 17:00:50.465 +03:00 [INF] Executing OkObjectResult, writing value of type 'PuffinRecon.API.Models.ApiResponse`1[[PuffinRecon.API.Models.DetailResult, PuffinRecon.API, Version=1.0.0.0, Culture=neutral, PublicKeyToken=null]]'.
2026-04-10 17:00:50.475 +03:00 [INF] Executed action PuffinRecon.API.Controllers.ReconciliationController.Get (PuffinRecon.API) in 4663.8858ms
2026-04-10 17:00:50.486 +03:00 [INF] Executed endpoint 'PuffinRecon.API.Controllers.ReconciliationController.Get (PuffinRecon.API)'
2026-04-10 17:00:50.490 +03:00 [INF] HTTP GET /api/reconciliation responded 200 in 4690.7881 ms
2026-04-10 17:00:50.498 +03:00 [INF] Request finished HTTP/1.1 GET http://localhost:5000/api/reconciliation - 200 null application/json; charset=utf-8 4713.5382ms
2026-04-10 17:01:16.577 +03:00 [INF] Request starting HTTP/1.1 GET http://localhost:5000/api/reconciliation - null null
2026-04-10 17:01:16.594 +03:00 [INF] CORS policy execution successful.
2026-04-10 17:01:16.598 +03:00 [INF] Executing endpoint 'PuffinRecon.API.Controllers.ReconciliationController.Get (PuffinRecon.API)'
2026-04-10 17:01:16.603 +03:00 [INF] Route matched with {action = "Get", controller = "Reconciliation"}. Executing controller action with signature System.Threading.Tasks.Task`1[Microsoft.AspNetCore.Mvc.IActionResult] Get(System.String, System.String, System.Nullable`1[System.DateTime], System.Nullable`1[System.DateTime]) on controller PuffinRecon.API.Controllers.ReconciliationController (PuffinRecon.API).
2026-04-10 17:01:16.609 +03:00 [INF] GetDetailAsync: {"MobileNumber":null,"StatusFilter":null,"DateFrom":null,"DateTo":null,"$type":"ReconciliationFilter"}
2026-04-10 17:01:23.015 +03:00 [INF] Executing OkObjectResult, writing value of type 'PuffinRecon.API.Models.ApiResponse`1[[PuffinRecon.API.Models.DetailResult, PuffinRecon.API, Version=1.0.0.0, Culture=neutral, PublicKeyToken=null]]'.
2026-04-10 17:01:23.019 +03:00 [INF] Executed action PuffinRecon.API.Controllers.ReconciliationController.Get (PuffinRecon.API) in 6410.9576ms
2026-04-10 17:01:23.023 +03:00 [INF] Executed endpoint 'PuffinRecon.API.Controllers.ReconciliationController.Get (PuffinRecon.API)'
2026-04-10 17:01:23.026 +03:00 [INF] HTTP GET /api/reconciliation responded 200 in 6427.5044 ms
2026-04-10 17:01:23.033 +03:00 [INF] Request finished HTTP/1.1 GET http://localhost:5000/api/reconciliation - 200 null application/json; charset=utf-8 6455.3774ms
2026-04-10 17:01:46.575 +03:00 [INF] Request starting HTTP/1.1 GET http://localhost:5000/api/reconciliation - null null
2026-04-10 17:01:46.582 +03:00 [INF] CORS policy execution successful.
2026-04-10 17:01:46.584 +03:00 [INF] Executing endpoint 'PuffinRecon.API.Controllers.ReconciliationController.Get (PuffinRecon.API)'
2026-04-10 17:01:46.588 +03:00 [INF] Route matched with {action = "Get", controller = "Reconciliation"}. Executing controller action with signature System.Threading.Tasks.Task`1[Microsoft.AspNetCore.Mvc.IActionResult] Get(System.String, System.String, System.Nullable`1[System.DateTime], System.Nullable`1[System.DateTime]) on controller PuffinRecon.API.Controllers.ReconciliationController (PuffinRecon.API).
2026-04-10 17:01:46.593 +03:00 [INF] GetDetailAsync: {"MobileNumber":null,"StatusFilter":null,"DateFrom":null,"DateTo":null,"$type":"ReconciliationFilter"}
2026-04-10 17:01:51.597 +03:00 [INF] Executing OkObjectResult, writing value of type 'PuffinRecon.API.Models.ApiResponse`1[[PuffinRecon.API.Models.DetailResult, PuffinRecon.API, Version=1.0.0.0, Culture=neutral, PublicKeyToken=null]]'.
2026-04-10 17:01:51.607 +03:00 [INF] Executed action PuffinRecon.API.Controllers.ReconciliationController.Get (PuffinRecon.API) in 5013.4407ms
2026-04-10 17:01:51.616 +03:00 [INF] Executed endpoint 'PuffinRecon.API.Controllers.ReconciliationController.Get (PuffinRecon.API)'
2026-04-10 17:01:51.622 +03:00 [INF] HTTP GET /api/reconciliation responded 200 in 5037.6572 ms
2026-04-10 17:01:51.632 +03:00 [INF] Request finished HTTP/1.1 GET http://localhost:5000/api/reconciliation - 200 null application/json; charset=utf-8 5056.3811ms
2026-04-10 17:02:16.570 +03:00 [INF] Request starting HTTP/1.1 GET http://localhost:5000/api/reconciliation - null null
2026-04-10 17:02:16.575 +03:00 [INF] CORS policy execution successful.
2026-04-10 17:02:16.577 +03:00 [INF] Executing endpoint 'PuffinRecon.API.Controllers.ReconciliationController.Get (PuffinRecon.API)'
2026-04-10 17:02:16.578 +03:00 [INF] Route matched with {action = "Get", controller = "Reconciliation"}. Executing controller action with signature System.Threading.Tasks.Task`1[Microsoft.AspNetCore.Mvc.IActionResult] Get(System.String, System.String, System.Nullable`1[System.DateTime], System.Nullable`1[System.DateTime]) on controller PuffinRecon.API.Controllers.ReconciliationController (PuffinRecon.API).
2026-04-10 17:02:16.583 +03:00 [INF] GetDetailAsync: {"MobileNumber":null,"StatusFilter":null,"DateFrom":null,"DateTo":null,"$type":"ReconciliationFilter"}
2026-04-10 17:02:22.288 +03:00 [INF] Executing OkObjectResult, writing value of type 'PuffinRecon.API.Models.ApiResponse`1[[PuffinRecon.API.Models.DetailResult, PuffinRecon.API, Version=1.0.0.0, Culture=neutral, PublicKeyToken=null]]'.
2026-04-10 17:02:22.293 +03:00 [INF] Executed action PuffinRecon.API.Controllers.ReconciliationController.Get (PuffinRecon.API) in 5710.9506ms
2026-04-10 17:02:22.300 +03:00 [INF] Executed endpoint 'PuffinRecon.API.Controllers.ReconciliationController.Get (PuffinRecon.API)'
2026-04-10 17:02:22.302 +03:00 [INF] HTTP GET /api/reconciliation responded 200 in 5725.6930 ms
2026-04-10 17:02:22.305 +03:00 [INF] Request finished HTTP/1.1 GET http://localhost:5000/api/reconciliation - 200 null application/json; charset=utf-8 5734.6929ms
2026-04-10 17:02:29.575 +03:00 [INF] Request starting HTTP/1.1 GET http://localhost:5000/api/reconciliation - null null
2026-04-10 17:02:29.581 +03:00 [INF] CORS policy execution successful.
2026-04-10 17:02:29.583 +03:00 [INF] Executing endpoint 'PuffinRecon.API.Controllers.ReconciliationController.Get (PuffinRecon.API)'
2026-04-10 17:02:29.586 +03:00 [INF] Route matched with {action = "Get", controller = "Reconciliation"}. Executing controller action with signature System.Threading.Tasks.Task`1[Microsoft.AspNetCore.Mvc.IActionResult] Get(System.String, System.String, System.Nullable`1[System.DateTime], System.Nullable`1[System.DateTime]) on controller PuffinRecon.API.Controllers.ReconciliationController (PuffinRecon.API).
2026-04-10 17:02:29.590 +03:00 [INF] GetDetailAsync: {"MobileNumber":null,"StatusFilter":null,"DateFrom":null,"DateTo":null,"$type":"ReconciliationFilter"}
2026-04-10 17:02:34.782 +03:00 [INF] Executing OkObjectResult, writing value of type 'PuffinRecon.API.Models.ApiResponse`1[[PuffinRecon.API.Models.DetailResult, PuffinRecon.API, Version=1.0.0.0, Culture=neutral, PublicKeyToken=null]]'.
2026-04-10 17:02:34.790 +03:00 [INF] Executed action PuffinRecon.API.Controllers.ReconciliationController.Get (PuffinRecon.API) in 5200.7497ms
2026-04-10 17:02:34.797 +03:00 [INF] Executed endpoint 'PuffinRecon.API.Controllers.ReconciliationController.Get (PuffinRecon.API)'
2026-04-10 17:02:34.801 +03:00 [INF] HTTP GET /api/reconciliation responded 200 in 5217.8992 ms
2026-04-10 17:02:34.810 +03:00 [INF] Request finished HTTP/1.1 GET http://localhost:5000/api/reconciliation - 200 null application/json; charset=utf-8 5234.515ms
2026-04-10 17:02:53.166 +03:00 [INF] Request starting HTTP/1.1 GET http://localhost:5000/api/reconciliation - null null
2026-04-10 17:02:53.172 +03:00 [INF] CORS policy execution successful.
2026-04-10 17:02:53.174 +03:00 [INF] Executing endpoint 'PuffinRecon.API.Controllers.ReconciliationController.Get (PuffinRecon.API)'
2026-04-10 17:02:53.177 +03:00 [INF] Route matched with {action = "Get", controller = "Reconciliation"}. Executing controller action with signature System.Threading.Tasks.Task`1[Microsoft.AspNetCore.Mvc.IActionResult] Get(System.String, System.String, System.Nullable`1[System.DateTime], System.Nullable`1[System.DateTime]) on controller PuffinRecon.API.Controllers.ReconciliationController (PuffinRecon.API).
2026-04-10 17:02:53.181 +03:00 [INF] GetDetailAsync: {"MobileNumber":null,"StatusFilter":null,"DateFrom":null,"DateTo":null,"$type":"ReconciliationFilter"}
2026-04-10 17:02:57.340 +03:00 [INF] Executing OkObjectResult, writing value of type 'PuffinRecon.API.Models.ApiResponse`1[[PuffinRecon.API.Models.DetailResult, PuffinRecon.API, Version=1.0.0.0, Culture=neutral, PublicKeyToken=null]]'.
2026-04-10 17:02:57.347 +03:00 [INF] Executed action PuffinRecon.API.Controllers.ReconciliationController.Get (PuffinRecon.API) in 4165.7474ms
2026-04-10 17:02:57.357 +03:00 [INF] Executed endpoint 'PuffinRecon.API.Controllers.ReconciliationController.Get (PuffinRecon.API)'
2026-04-10 17:02:57.361 +03:00 [INF] HTTP GET /api/reconciliation responded 200 in 4186.7910 ms
2026-04-10 17:02:57.371 +03:00 [INF] Request finished HTTP/1.1 GET http://localhost:5000/api/reconciliation - 200 null application/json; charset=utf-8 4205.4233ms
2026-04-10 17:02:57.395 +03:00 [INF] Request starting HTTP/1.1 GET http://localhost:5000/api/reconciliation - null null
2026-04-10 17:02:57.410 +03:00 [INF] CORS policy execution successful.
2026-04-10 17:02:57.412 +03:00 [INF] Executing endpoint 'PuffinRecon.API.Controllers.ReconciliationController.Get (PuffinRecon.API)'
2026-04-10 17:02:57.415 +03:00 [INF] Route matched with {action = "Get", controller = "Reconciliation"}. Executing controller action with signature System.Threading.Tasks.Task`1[Microsoft.AspNetCore.Mvc.IActionResult] Get(System.String, System.String, System.Nullable`1[System.DateTime], System.Nullable`1[System.DateTime]) on controller PuffinRecon.API.Controllers.ReconciliationController (PuffinRecon.API).
2026-04-10 17:02:57.422 +03:00 [INF] GetDetailAsync: {"MobileNumber":null,"StatusFilter":null,"DateFrom":null,"DateTo":null,"$type":"ReconciliationFilter"}
2026-04-10 17:03:01.467 +03:00 [INF] Executing OkObjectResult, writing value of type 'PuffinRecon.API.Models.ApiResponse`1[[PuffinRecon.API.Models.DetailResult, PuffinRecon.API, Version=1.0.0.0, Culture=neutral, PublicKeyToken=null]]'.
2026-04-10 17:03:01.476 +03:00 [INF] Executed action PuffinRecon.API.Controllers.ReconciliationController.Get (PuffinRecon.API) in 4054.3638ms
2026-04-10 17:03:01.485 +03:00 [INF] Executed endpoint 'PuffinRecon.API.Controllers.ReconciliationController.Get (PuffinRecon.API)'
2026-04-10 17:03:01.489 +03:00 [INF] HTTP GET /api/reconciliation responded 200 in 4076.7341 ms
2026-04-10 17:03:01.495 +03:00 [INF] Request finished HTTP/1.1 GET http://localhost:5000/api/reconciliation - 200 null application/json; charset=utf-8 4099.1215ms
2026-04-10 17:03:23.169 +03:00 [INF] Request starting HTTP/1.1 GET http://localhost:5000/api/reconciliation - null null
2026-04-10 17:03:23.178 +03:00 [INF] CORS policy execution successful.
2026-04-10 17:03:23.180 +03:00 [INF] Executing endpoint 'PuffinRecon.API.Controllers.ReconciliationController.Get (PuffinRecon.API)'
2026-04-10 17:03:23.183 +03:00 [INF] Route matched with {action = "Get", controller = "Reconciliation"}. Executing controller action with signature System.Threading.Tasks.Task`1[Microsoft.AspNetCore.Mvc.IActionResult] Get(System.String, System.String, System.Nullable`1[System.DateTime], System.Nullable`1[System.DateTime]) on controller PuffinRecon.API.Controllers.ReconciliationController (PuffinRecon.API).
2026-04-10 17:03:23.190 +03:00 [INF] GetDetailAsync: {"MobileNumber":null,"StatusFilter":null,"DateFrom":null,"DateTo":null,"$type":"ReconciliationFilter"}
2026-04-10 17:03:28.366 +03:00 [INF] Executing OkObjectResult, writing value of type 'PuffinRecon.API.Models.ApiResponse`1[[PuffinRecon.API.Models.DetailResult, PuffinRecon.API, Version=1.0.0.0, Culture=neutral, PublicKeyToken=null]]'.
2026-04-10 17:03:28.375 +03:00 [INF] Executed action PuffinRecon.API.Controllers.ReconciliationController.Get (PuffinRecon.API) in 5184.844ms
2026-04-10 17:03:28.388 +03:00 [INF] Executed endpoint 'PuffinRecon.API.Controllers.ReconciliationController.Get (PuffinRecon.API)'
2026-04-10 17:03:28.396 +03:00 [INF] HTTP GET /api/reconciliation responded 200 in 5215.9966 ms
2026-04-10 17:03:28.411 +03:00 [INF] Request finished HTTP/1.1 GET http://localhost:5000/api/reconciliation - 200 null application/json; charset=utf-8 5242.2978ms
2026-04-10 17:03:53.171 +03:00 [INF] Request starting HTTP/1.1 GET http://localhost:5000/api/reconciliation - null null
2026-04-10 17:03:53.178 +03:00 [INF] CORS policy execution successful.
2026-04-10 17:03:53.186 +03:00 [INF] Executing endpoint 'PuffinRecon.API.Controllers.ReconciliationController.Get (PuffinRecon.API)'
2026-04-10 17:03:53.191 +03:00 [INF] Route matched with {action = "Get", controller = "Reconciliation"}. Executing controller action with signature System.Threading.Tasks.Task`1[Microsoft.AspNetCore.Mvc.IActionResult] Get(System.String, System.String, System.Nullable`1[System.DateTime], System.Nullable`1[System.DateTime]) on controller PuffinRecon.API.Controllers.ReconciliationController (PuffinRecon.API).
2026-04-10 17:03:53.196 +03:00 [INF] GetDetailAsync: {"MobileNumber":null,"StatusFilter":null,"DateFrom":null,"DateTo":null,"$type":"ReconciliationFilter"}
2026-04-10 17:03:58.277 +03:00 [INF] Executing OkObjectResult, writing value of type 'PuffinRecon.API.Models.ApiResponse`1[[PuffinRecon.API.Models.DetailResult, PuffinRecon.API, Version=1.0.0.0, Culture=neutral, PublicKeyToken=null]]'.
2026-04-10 17:03:58.285 +03:00 [INF] Executed action PuffinRecon.API.Controllers.ReconciliationController.Get (PuffinRecon.API) in 5088.9201ms
2026-04-10 17:03:58.291 +03:00 [INF] Executed endpoint 'PuffinRecon.API.Controllers.ReconciliationController.Get (PuffinRecon.API)'
2026-04-10 17:03:58.297 +03:00 [INF] HTTP GET /api/reconciliation responded 200 in 5110.5577 ms
2026-04-10 17:03:58.304 +03:00 [INF] Request finished HTTP/1.1 GET http://localhost:5000/api/reconciliation - 200 null application/json; charset=utf-8 5132.8634ms
2026-04-10 17:11:19.316 +03:00 [INF] Request starting HTTP/1.1 GET http://localhost:5000/api/reconciliation - null null
2026-04-10 17:11:19.396 +03:00 [INF] CORS policy execution successful.
2026-04-10 17:11:19.401 +03:00 [INF] Executing endpoint 'PuffinRecon.API.Controllers.ReconciliationController.Get (PuffinRecon.API)'
2026-04-10 17:11:19.405 +03:00 [INF] Route matched with {action = "Get", controller = "Reconciliation"}. Executing controller action with signature System.Threading.Tasks.Task`1[Microsoft.AspNetCore.Mvc.IActionResult] Get(System.String, System.String, System.Nullable`1[System.DateTime], System.Nullable`1[System.DateTime]) on controller PuffinRecon.API.Controllers.ReconciliationController (PuffinRecon.API).
2026-04-10 17:11:19.449 +03:00 [INF] GetDetailAsync: {"MobileNumber":null,"StatusFilter":null,"DateFrom":null,"DateTo":null,"$type":"ReconciliationFilter"}
2026-04-10 20:37:46.962 +03:00 [INF] Executed action PuffinRecon.API.Controllers.ReconciliationController.Get (PuffinRecon.API) in 12387512.9304ms
2026-04-10 20:37:47.589 +03:00 [INF] Executed endpoint 'PuffinRecon.API.Controllers.ReconciliationController.Get (PuffinRecon.API)'
2026-04-10 20:37:47.685 +03:00 [ERR] HTTP GET /api/reconciliation responded 500 in 12388283.6331 ms
Microsoft.Data.SqlClient.SqlException (0x80131904): A network-related or instance-specific error occurred while establishing a connection to SQL Server. The server was not found or was not accessible. Verify that the instance name is correct and that SQL Server is configured to allow remote connections. (provider: Named Pipes Provider, error: 40 - Could not open a connection to SQL Server)
 ---> System.ComponentModel.Win32Exception (64): The specified network name is no longer available.
   at Microsoft.Data.SqlClient.SqlInternalConnection.OnError(SqlException exception, Boolean breakConnection, Action`1 wrapCloseInAction)
   at Microsoft.Data.SqlClient.TdsParser.ThrowExceptionAndWarning(TdsParserStateObject stateObj, SqlCommand command, Boolean callerHasConnectionLock, Boolean asyncClose)
   at Microsoft.Data.SqlClient.TdsParser.Connect(ServerInfo serverInfo, SqlInternalConnectionTds connHandler, TimeoutTimer timeout, SqlConnectionString connectionOptions, Boolean withFailover)
   at Microsoft.Data.SqlClient.SqlInternalConnectionTds.AttemptOneLogin(ServerInfo serverInfo, String newPassword, SecureString newSecurePassword, TimeoutTimer timeout, Boolean withFailover)
   at Microsoft.Data.SqlClient.SqlInternalConnectionTds.LoginNoFailover(ServerInfo serverInfo, String newPassword, SecureString newSecurePassword, Boolean redirectedUserInstance, SqlConnectionString connectionOptions, SqlCredential credential, TimeoutTimer timeout)
   at Microsoft.Data.SqlClient.SqlInternalConnectionTds.OpenLoginEnlist(TimeoutTimer timeout, SqlConnectionString connectionOptions, SqlCredential credential, String newPassword, SecureString newSecurePassword, Boolean redirectedUserInstance)
   at Microsoft.Data.SqlClient.SqlInternalConnectionTds..ctor(DbConnectionPoolIdentity identity, SqlConnectionString connectionOptions, SqlCredential credential, Object providerInfo, String newPassword, SecureString newSecurePassword, Boolean redirectedUserInstance, SqlConnectionString userConnectionOptions, SessionData reconnectSessionData, Boolean applyTransientFaultHandling, String accessToken, DbConnectionPool pool, Func`3 accessTokenCallback)
   at Microsoft.Data.SqlClient.SqlConnectionFactory.CreateConnection(DbConnectionOptions options, DbConnectionPoolKey poolKey, Object poolGroupProviderInfo, DbConnectionPool pool, DbConnection owningConnection, DbConnectionOptions userOptions)
   at Microsoft.Data.ProviderBase.DbConnectionFactory.CreatePooledConnection(DbConnectionPool pool, DbConnection owningObject, DbConnectionOptions options, DbConnectionPoolKey poolKey, DbConnectionOptions userOptions)
   at Microsoft.Data.ProviderBase.DbConnectionPool.CreateObject(DbConnection owningObject, DbConnectionOptions userOptions, DbConnectionInternal oldConnection)
   at Microsoft.Data.ProviderBase.DbConnectionPool.UserCreateRequest(DbConnection owningObject, DbConnectionOptions userOptions, DbConnectionInternal oldConnection)
   at Microsoft.Data.ProviderBase.DbConnectionPool.TryGetConnection(DbConnection owningObject, UInt32 waitForMultipleObjectsTimeout, Boolean allowCreate, Boolean onlyOneCheckConnection, DbConnectionOptions userOptions, DbConnectionInternal& connection)
   at Microsoft.Data.ProviderBase.DbConnectionPool.TryGetConnection(DbConnection owningObject, TaskCompletionSource`1 retry, DbConnectionOptions userOptions, DbConnectionInternal& connection)
   at Microsoft.Data.ProviderBase.DbConnectionFactory.TryGetConnection(DbConnection owningConnection, TaskCompletionSource`1 retry, DbConnectionOptions userOptions, DbConnectionInternal oldConnection, DbConnectionInternal& connection)
   at Microsoft.Data.ProviderBase.DbConnectionInternal.TryOpenConnectionInternal(DbConnection outerConnection, DbConnectionFactory connectionFactory, TaskCompletionSource`1 retry, DbConnectionOptions userOptions)
   at Microsoft.Data.ProviderBase.DbConnectionClosed.TryOpenConnection(DbConnection outerConnection, DbConnectionFactory connectionFactory, TaskCompletionSource`1 retry, DbConnectionOptions userOptions)
   at Microsoft.Data.SqlClient.SqlConnection.TryOpen(TaskCompletionSource`1 retry, SqlConnectionOverrides overrides)
   at Microsoft.Data.SqlClient.SqlConnection.Open(SqlConnectionOverrides overrides)
   at Microsoft.Data.SqlClient.SqlConnection.Open()
   at PuffinRecon.API.Infrastructure.SqlConnectionFactory.CreateConnection() in C:\Users\hp\Desktop\CXP\CXP_PuffinRecon_Complete\Backend\Infrastructure\DbConnectionFactory.cs:line 24
   at PuffinRecon.API.Services.ReconciliationService.GetDetailAsync(ReconciliationFilter filter) in C:\Users\hp\Desktop\CXP\CXP_PuffinRecon_Complete\Backend\Services\ReconciliationService.cs:line 31
   at PuffinRecon.API.Controllers.ReconciliationController.Get(String mobileNumber, String statusFilter, Nullable`1 dateFrom, Nullable`1 dateTo) in C:\Users\hp\Desktop\CXP\CXP_PuffinRecon_Complete\Backend\Controllers\ReconciliationController.cs:line 37
   at Microsoft.AspNetCore.Mvc.Infrastructure.ActionMethodExecutor.TaskOfIActionResultExecutor.Execute(ActionContext actionContext, IActionResultTypeMapper mapper, ObjectMethodExecutor executor, Object controller, Object[] arguments)
   at Microsoft.AspNetCore.Mvc.Infrastructure.ControllerActionInvoker.<InvokeActionMethodAsync>g__Awaited|12_0(ControllerActionInvoker invoker, ValueTask`1 actionResultValueTask)
   at Microsoft.AspNetCore.Mvc.Infrastructure.ControllerActionInvoker.<InvokeNextActionFilterAsync>g__Awaited|10_0(ControllerActionInvoker invoker, Task lastTask, State next, Scope scope, Object state, Boolean isCompleted)
   at Microsoft.AspNetCore.Mvc.Infrastructure.ControllerActionInvoker.Rethrow(ActionExecutedContextSealed context)
   at Microsoft.AspNetCore.Mvc.Infrastructure.ControllerActionInvoker.Next(State& next, Scope& scope, Object& state, Boolean& isCompleted)
   at Microsoft.AspNetCore.Mvc.Infrastructure.ControllerActionInvoker.InvokeInnerFilterAsync()
--- End of stack trace from previous location ---
   at Microsoft.AspNetCore.Mvc.Infrastructure.ResourceInvoker.<InvokeFilterPipelineAsync>g__Awaited|20_0(ResourceInvoker invoker, Task lastTask, State next, Scope scope, Object state, Boolean isCompleted)
   at Microsoft.AspNetCore.Mvc.Infrastructure.ResourceInvoker.<InvokeAsync>g__Logged|17_1(ResourceInvoker invoker)
   at Microsoft.AspNetCore.Mvc.Infrastructure.ResourceInvoker.<InvokeAsync>g__Logged|17_1(ResourceInvoker invoker)
   at Microsoft.AspNetCore.Routing.EndpointMiddleware.<Invoke>g__AwaitRequestTask|7_0(Endpoint endpoint, Task requestTask, ILogger logger)
   at Microsoft.AspNetCore.Authorization.AuthorizationMiddleware.Invoke(HttpContext context)
   at Serilog.AspNetCore.RequestLoggingMiddleware.Invoke(HttpContext httpContext)
ClientConnectionId:00000000-0000-0000-0000-000000000000
Error Number:64,State:0,Class:20
2026-04-10 20:37:48.286 +03:00 [ERR] Unhandled exception: A network-related or instance-specific error occurred while establishing a connection to SQL Server. The server was not found or was not accessible. Verify that the instance name is correct and that SQL Server is configured to allow remote connections. (provider: Named Pipes Provider, error: 40 - Could not open a connection to SQL Server)
Microsoft.Data.SqlClient.SqlException (0x80131904): A network-related or instance-specific error occurred while establishing a connection to SQL Server. The server was not found or was not accessible. Verify that the instance name is correct and that SQL Server is configured to allow remote connections. (provider: Named Pipes Provider, error: 40 - Could not open a connection to SQL Server)
 ---> System.ComponentModel.Win32Exception (64): The specified network name is no longer available.
   at Microsoft.Data.SqlClient.SqlInternalConnection.OnError(SqlException exception, Boolean breakConnection, Action`1 wrapCloseInAction)
   at Microsoft.Data.SqlClient.TdsParser.ThrowExceptionAndWarning(TdsParserStateObject stateObj, SqlCommand command, Boolean callerHasConnectionLock, Boolean asyncClose)
   at Microsoft.Data.SqlClient.TdsParser.Connect(ServerInfo serverInfo, SqlInternalConnectionTds connHandler, TimeoutTimer timeout, SqlConnectionString connectionOptions, Boolean withFailover)
   at Microsoft.Data.SqlClient.SqlInternalConnectionTds.AttemptOneLogin(ServerInfo serverInfo, String newPassword, SecureString newSecurePassword, TimeoutTimer timeout, Boolean withFailover)
   at Microsoft.Data.SqlClient.SqlInternalConnectionTds.LoginNoFailover(ServerInfo serverInfo, String newPassword, SecureString newSecurePassword, Boolean redirectedUserInstance, SqlConnectionString connectionOptions, SqlCredential credential, TimeoutTimer timeout)
   at Microsoft.Data.SqlClient.SqlInternalConnectionTds.OpenLoginEnlist(TimeoutTimer timeout, SqlConnectionString connectionOptions, SqlCredential credential, String newPassword, SecureString newSecurePassword, Boolean redirectedUserInstance)
   at Microsoft.Data.SqlClient.SqlInternalConnectionTds..ctor(DbConnectionPoolIdentity identity, SqlConnectionString connectionOptions, SqlCredential credential, Object providerInfo, String newPassword, SecureString newSecurePassword, Boolean redirectedUserInstance, SqlConnectionString userConnectionOptions, SessionData reconnectSessionData, Boolean applyTransientFaultHandling, String accessToken, DbConnectionPool pool, Func`3 accessTokenCallback)
   at Microsoft.Data.SqlClient.SqlConnectionFactory.CreateConnection(DbConnectionOptions options, DbConnectionPoolKey poolKey, Object poolGroupProviderInfo, DbConnectionPool pool, DbConnection owningConnection, DbConnectionOptions userOptions)
   at Microsoft.Data.ProviderBase.DbConnectionFactory.CreatePooledConnection(DbConnectionPool pool, DbConnection owningObject, DbConnectionOptions options, DbConnectionPoolKey poolKey, DbConnectionOptions userOptions)
   at Microsoft.Data.ProviderBase.DbConnectionPool.CreateObject(DbConnection owningObject, DbConnectionOptions userOptions, DbConnectionInternal oldConnection)
   at Microsoft.Data.ProviderBase.DbConnectionPool.UserCreateRequest(DbConnection owningObject, DbConnectionOptions userOptions, DbConnectionInternal oldConnection)
   at Microsoft.Data.ProviderBase.DbConnectionPool.TryGetConnection(DbConnection owningObject, UInt32 waitForMultipleObjectsTimeout, Boolean allowCreate, Boolean onlyOneCheckConnection, DbConnectionOptions userOptions, DbConnectionInternal& connection)
   at Microsoft.Data.ProviderBase.DbConnectionPool.TryGetConnection(DbConnection owningObject, TaskCompletionSource`1 retry, DbConnectionOptions userOptions, DbConnectionInternal& connection)
   at Microsoft.Data.ProviderBase.DbConnectionFactory.TryGetConnection(DbConnection owningConnection, TaskCompletionSource`1 retry, DbConnectionOptions userOptions, DbConnectionInternal oldConnection, DbConnectionInternal& connection)
   at Microsoft.Data.ProviderBase.DbConnectionInternal.TryOpenConnectionInternal(DbConnection outerConnection, DbConnectionFactory connectionFactory, TaskCompletionSource`1 retry, DbConnectionOptions userOptions)
   at Microsoft.Data.ProviderBase.DbConnectionClosed.TryOpenConnection(DbConnection outerConnection, DbConnectionFactory connectionFactory, TaskCompletionSource`1 retry, DbConnectionOptions userOptions)
   at Microsoft.Data.SqlClient.SqlConnection.TryOpen(TaskCompletionSource`1 retry, SqlConnectionOverrides overrides)
   at Microsoft.Data.SqlClient.SqlConnection.Open(SqlConnectionOverrides overrides)
   at Microsoft.Data.SqlClient.SqlConnection.Open()
   at PuffinRecon.API.Infrastructure.SqlConnectionFactory.CreateConnection() in C:\Users\hp\Desktop\CXP\CXP_PuffinRecon_Complete\Backend\Infrastructure\DbConnectionFactory.cs:line 24
   at PuffinRecon.API.Services.ReconciliationService.GetDetailAsync(ReconciliationFilter filter) in C:\Users\hp\Desktop\CXP\CXP_PuffinRecon_Complete\Backend\Services\ReconciliationService.cs:line 31
   at PuffinRecon.API.Controllers.ReconciliationController.Get(String mobileNumber, String statusFilter, Nullable`1 dateFrom, Nullable`1 dateTo) in C:\Users\hp\Desktop\CXP\CXP_PuffinRecon_Complete\Backend\Controllers\ReconciliationController.cs:line 37
   at Microsoft.AspNetCore.Mvc.Infrastructure.ActionMethodExecutor.TaskOfIActionResultExecutor.Execute(ActionContext actionContext, IActionResultTypeMapper mapper, ObjectMethodExecutor executor, Object controller, Object[] arguments)
   at Microsoft.AspNetCore.Mvc.Infrastructure.ControllerActionInvoker.<InvokeActionMethodAsync>g__Awaited|12_0(ControllerActionInvoker invoker, ValueTask`1 actionResultValueTask)
   at Microsoft.AspNetCore.Mvc.Infrastructure.ControllerActionInvoker.<InvokeNextActionFilterAsync>g__Awaited|10_0(ControllerActionInvoker invoker, Task lastTask, State next, Scope scope, Object state, Boolean isCompleted)
   at Microsoft.AspNetCore.Mvc.Infrastructure.ControllerActionInvoker.Rethrow(ActionExecutedContextSealed context)
   at Microsoft.AspNetCore.Mvc.Infrastructure.ControllerActionInvoker.Next(State& next, Scope& scope, Object& state, Boolean& isCompleted)
   at Microsoft.AspNetCore.Mvc.Infrastructure.ControllerActionInvoker.InvokeInnerFilterAsync()
--- End of stack trace from previous location ---
   at Microsoft.AspNetCore.Mvc.Infrastructure.ResourceInvoker.<InvokeFilterPipelineAsync>g__Awaited|20_0(ResourceInvoker invoker, Task lastTask, State next, Scope scope, Object state, Boolean isCompleted)
   at Microsoft.AspNetCore.Mvc.Infrastructure.ResourceInvoker.<InvokeAsync>g__Logged|17_1(ResourceInvoker invoker)
   at Microsoft.AspNetCore.Mvc.Infrastructure.ResourceInvoker.<InvokeAsync>g__Logged|17_1(ResourceInvoker invoker)
   at Microsoft.AspNetCore.Routing.EndpointMiddleware.<Invoke>g__AwaitRequestTask|7_0(Endpoint endpoint, Task requestTask, ILogger logger)
   at Microsoft.AspNetCore.Authorization.AuthorizationMiddleware.Invoke(HttpContext context)
   at Serilog.AspNetCore.RequestLoggingMiddleware.Invoke(HttpContext httpContext)
   at Swashbuckle.AspNetCore.SwaggerUI.SwaggerUIMiddleware.Invoke(HttpContext httpContext)
   at Swashbuckle.AspNetCore.Swagger.SwaggerMiddleware.Invoke(HttpContext httpContext, ISwaggerProvider swaggerProvider)
   at PuffinRecon.API.Middleware.GlobalExceptionMiddleware.InvokeAsync(HttpContext context) in C:\Users\hp\Desktop\CXP\CXP_PuffinRecon_Complete\Backend\Middleware\GlobalExceptionMiddleware.cs:line 23
ClientConnectionId:00000000-0000-0000-0000-000000000000
Error Number:64,State:0,Class:20
2026-04-10 20:37:48.340 +03:00 [INF] Request finished HTTP/1.1 GET http://localhost:5000/api/reconciliation - 500 null application/json 12389024.6125ms
